<?xml version="1.0" encoding="UTF-8"?>
<testng-results skipped="0" failed="0" total="1" passed="1">
  <reporter-output>
  </reporter-output>
  <suite name="Default suite" duration-ms="22188" started-at="2020-10-04T19:30:02Z" finished-at="2020-10-04T19:30:25Z">
    <groups>
    </groups>
    <test name="Default test" duration-ms="22188" started-at="2020-10-04T19:30:02Z" finished-at="2020-10-04T19:30:25Z">
      <class name="seleniumpractice.core.XpathSibling">
        <test-method status="PASS" signature="testSiblingandParentinXpath()[pri:0, instance:seleniumpractice.core.XpathSibling@3ac3fd8b]" name="testSiblingandParentinXpath" duration-ms="22168" started-at="2020-10-04T20:30:02Z" finished-at="2020-10-04T20:30:25Z">
          <reporter-output>
          </reporter-output>
        </test-method> <!-- testSiblingandParentinXpath -->
      </class> <!-- seleniumpractice.core.XpathSibling -->
    </test> <!-- Default test -->
  </suite> <!-- Default suite -->
</testng-results>
